[debug] [2018-06-13T08:02:35.652Z] ----------------------------------------------------------------------
[debug] [2018-06-13T08:02:35.660Z] Command:       C:\Program Files\nodejs\node.exe C:\Users\jonas\AppData\Roaming\npm\node_modules\firebase-tools\bin\firebase serve
[debug] [2018-06-13T08:02:35.660Z] CLI Version:   3.18.6
[debug] [2018-06-13T08:02:35.660Z] Platform:      win32
[debug] [2018-06-13T08:02:35.661Z] Node Version:  v8.11.2
[debug] [2018-06-13T08:02:35.662Z] Time:          Wed Jun 13 2018 10:02:35 GMT+0200 (West-Europa (zomertijd))
[debug] [2018-06-13T08:02:35.662Z] ----------------------------------------------------------------------
[debug] 
[debug] [2018-06-13T08:02:35.684Z] > command requires scopes: ["email","openid","https://www.googleapis.com/auth/cloudplatformprojects.readonly","https://www.googleapis.com/auth/firebase","https://www.googleapis.com/auth/cloud-platform"]
[debug] [2018-06-13T08:02:35.687Z] > authorizing via signed-in user
[debug] [2018-06-13T08:02:35.687Z] >>> HTTP REQUEST GET https://admin.firebase.com/v1/projects/pimproject-e8f3a  
  
 Wed Jun 13 2018 10:02:35 GMT+0200 (West-Europa (zomertijd))
[debug] [2018-06-13T08:02:36.791Z] <<< HTTP RESPONSE 200
[debug] [2018-06-13T08:02:36.793Z] >>> HTTP REQUEST GET https://admin.firebase.com/v1/database/pimproject-e8f3a/tokens  
  
 Wed Jun 13 2018 10:02:36 GMT+0200 (West-Europa (zomertijd))
[debug] [2018-06-13T08:02:37.420Z] <<< HTTP RESPONSE 200
[debug] [2018-06-13T08:02:37.422Z] >>> HTTP REQUEST GET https://cloudresourcemanager.googleapis.com/v1/projects/pimproject-e8f3a  
  
 Wed Jun 13 2018 10:02:37 GMT+0200 (West-Europa (zomertijd))
[debug] [2018-06-13T08:02:38.298Z] <<< HTTP RESPONSE 200
[info] 
[info] === Serving from 'C:\Users\jonas\OneDrive\Documenten\Rijksmuseum\PIMproject'...
[info] 
[debug] [2018-06-13T08:02:38.315Z] >>> HTTP REQUEST GET https://mobilesdk-pa.googleapis.com/v1/projects/301506942711/clients/_:getWebAppConfig  
  
 Wed Jun 13 2018 10:02:38 GMT+0200 (West-Europa (zomertijd))
[debug] [2018-06-13T08:02:38.833Z] <<< HTTP RESPONSE 200
[info] i  hosting: Serving hosting files from: public
[info] +  hosting: Local server: http://localhost:5000

